Command line:
   t_sign_ext_12_16_isim_beh.exe
     -simmode  gui
     -simrunnum  0
     -socket  50365

Sun Mar 01 23:43:13 2015


 Elaboration Time: 0.03125 sec

 Current Memory Usage: 664.625 Meg

 Total Signals          : 15
 Total Nets             : 41
 Total Signal Drivers   : 7
 Total Blocks           : 3
 Total Primitive Blocks : 2
 Total Processes        : 10
 Total Traceable Variables  : 20
 Total Scalar Nets and Variables : 149
Total Line Count : 21

 Total Simulation Time: 0.03125 sec

 Current Memory Usage: 664.625 Meg

Sun Mar 01 23:43:41 2015

