Command line:
   t_datapath_isim_beh.exe
     -simmode  gui
     -simrunnum  0
     -socket  49415

Mon Mar 02 16:34:47 2015


 Elaboration Time: 0.03125 sec

 Current Memory Usage: 664.666 Meg

 Total Signals          : 40
 Total Nets             : 94
 Total Signal Drivers   : 18
 Total Blocks           : 6
 Total Primitive Blocks : 3
 Total Processes        : 29
 Total Traceable Variables  : 32
 Total Scalar Nets and Variables : 256
Total Line Count : 70

 Total Simulation Time: 0.03125 sec

 Current Memory Usage: 664.666 Meg

Mon Mar 02 16:34:56 2015

